<?xml version="1.0" encoding="UTF-8"?>
<Site BuildName="(empty)"
	BuildStamp="20240619-0307-Experimental"
	Name="lemontech-Lenovo-Legion-R9000P2021H"
	Generator="ctest-3.17.3"
	CompilerName="/usr/bin/c++"
	CompilerVersion="10.5.0"
	OSName="Linux"
	Hostname="lemontech-Lenovo-Legion-R9000P2021H"
	OSRelease="5.4.0-113-generic"
	OSVersion="#127-Ubuntu SMP Wed May 18 14:30:56 UTC 2022"
	OSPlatform="x86_64"
	Is64Bits="1"
	VendorString="GenuineIntel"
	VendorID="Intel Corporation"
	FamilyID="6"
	ModelID="140"
	ProcessorCacheSize="8192"
	NumberOfLogicalCPU="8"
	NumberOfPhysicalCPU="4"
	TotalVirtualMemory="2047"
	TotalPhysicalMemory="7581"
	LogicalProcessorsPerPhysical="2"
	ProcessorClockFrequency="3795.96"
	>
	<Testing>
		<StartDateTime>Jun 19 11:07 CST</StartDateTime>
		<StartTestTime>1718766456</StartTestTime>
		<TestList/>
		<EndDateTime>Jun 19 11:07 CST</EndDateTime>
		<EndTestTime>1718766456</EndTestTime>
		<ElapsedMinutes>0</ElapsedMinutes>
	</Testing>
</Site>
